{"/home/farnetani/cursos/react/ignite/01-github-explorer/src/App.tsx": {"path":"/home/farnetani/cursos/react/ignite/01-github-explorer/src/App.tsx","statementMap":{"0":{"start":{"line":4,"column":2},"end":{"line":4,"column":28}}},"fnMap":{"0":{"name":"App","decl":{"start":{"line":3,"column":16},"end":{"line":3,"column":19}},"loc":{"start":{"line":3,"column":22},"end":{"line":5,"column":1}},"line":3}},"branchMap":{},"s":{"0":1},"f":{"0":1},"b":{},"_coverageSchema":"1a1c01bbd47fc00a2c39e90264f33305004495a9","hash":"418f5678922ea9ea1d3422afc4ef115e582e5728"}
}
